#
# A fatal error has been detected by the Java Runtime Environment:
#
#  EXCEPTION_ACCESS_VIOLATION (0xc0000005) at pc=0x6d9b099b, pid=10156, tid=8132
#
# JRE version: 6.0_22-b04
# Java VM: Java HotSpot(TM) Client VM (17.1-b03 mixed mode windows-x86 )
# Problematic frame:
# V  [jvm.dll+0x11099b]
#
# If you would like to submit a bug report, please visit:
#   http://java.sun.com/webapps/bugreport/crash.jsp
#

---------------  T H R E A D  ---------------

Current thread (0x01d58000):  JavaThread "JDWP Transport Listener: dt_socket" daemon [_thread_in_vm, id=8132, stack(0x18610000,0x18660000)]

siginfo: ExceptionCode=0xc0000005, reading address 0x003b7374

Registers:
EAX=0x003b7374, EBX=0x00000000, ECX=0x000071ee, EDX=0x00000000
ESP=0x1865fc14, EBP=0x1865fc18, ESI=0x01d58000, EDI=0x01c9e880
EIP=0x6d9b099b, EFLAGS=0x00010206

Top of Stack: (sp=0x1865fc14)
0x1865fc14:   01d58000 1865fc40 6d9d6502 003b7374
0x1865fc24:   1865fcc4 1865fc7b 01d58000 00000000
0x1865fc34:   00000000 00000000 01d58000 1865fc7c
0x1865fc44:   6d43976e 01c9e880 003b7374 1865fc7b
0x1865fc54:   003b7374 6d4242c9 003b7374 1865fc7b
0x1865fc64:   00000003 00000000 00000000 0000000a
0x1865fc74:   00000000 0065fc9c 1865fc9c 6d424434
0x1865fc84:   00000001 1865fcb8 1865fe54 6d442b02 

Instructions: (pc=0x6d9b099b)
0x6d9b098b:   cc cc cc cc cc 55 8b ec 8b 45 08 85 c0 56 74 25
0x6d9b099b:   8b 30 85 f6 74 1f 81 fe fe fe fe fe 74 17 8b 46 


Stack: [0x18610000,0x18660000],  sp=0x1865fc14,  free space=13f1865f57ck
Native frames: (J=compiled Java code, j=interpreted, Vv=VM code, C=native code)
V  [jvm.dll+0x11099b]
V  [jvm.dll+0x136502]
C  [jdwp.dll+0x1976e]
C  [jdwp.dll+0x4434]
C  [jdwp.dll+0x4472]
C  [jdwp.dll+0x17d53]
V  [jvm.dll+0x185f3c]
C  [msvcr71.dll+0x9565]
C  [kernel32.dll+0x133aa]
C  [ntdll.dll+0x39ef2]
C  [ntdll.dll+0x39ec5]


---------------  P R O C E S S  ---------------

Java Threads: ( => current thread )
  0x01df9800 JavaThread "DestroyJavaVM" [_thread_blocked, id=9712, stack(0x00360000,0x003b0000)]
  0x18a6d000 JavaThread "Thread-2" [_thread_in_native, id=10508, stack(0x18df0000,0x18e40000)]
  0x18aa3c00 JavaThread "server-timer" daemon [_thread_blocked, id=10464, stack(0x18d60000,0x18db0000)]
  0x01d7fc00 JavaThread "Low Memory Detector" daemon [_thread_blocked, id=9520, stack(0x18900000,0x18950000)]
  0x01d74400 JavaThread "CompilerThread0" daemon [_thread_blocked, id=5236, stack(0x18870000,0x188c0000)]
  0x01d65800 JavaThread "JDWP Command Reader" daemon [_thread_in_native, id=9532, stack(0x18740000,0x18790000)]
  0x01d5ac00 JavaThread "JDWP Event Helper Thread" daemon [_thread_blocked, id=9500, stack(0x186b0000,0x18700000)]
=>0x01d58000 JavaThread "JDWP Transport Listener: dt_socket" daemon [_thread_in_vm, id=8132, stack(0x18610000,0x18660000)]
  0x01d28400 JavaThread "Attach Listener" daemon [_thread_blocked, id=1976, stack(0x18490000,0x184e0000)]
  0x01d25400 JavaThread "Signal Dispatcher" daemon [_thread_blocked, id=10080, stack(0x18400000,0x18450000)]
  0x01d1bc00 JavaThread "Finalizer" daemon [_thread_blocked, id=8048, stack(0x18370000,0x183c0000)]
  0x01d17000 JavaThread "Reference Handler" daemon [_thread_blocked, id=9088, stack(0x182e0000,0x18330000)]

Other Threads:
  0x01d14400 VMThread [stack: 0x18250000,0x182a0000] [id=9728]
  0x01d77000 WatcherThread [stack: 0x18990000,0x189e0000] [id=9664]

VM state:not at safepoint (normal execution)

VM Mutex/Monitor currently owned by a thread: None

Heap
 def new generation   total 4928K, used 949K [0x04160000, 0x046b0000, 0x096b0000)
  eden space 4416K,  21% used [0x04160000, 0x0424d7d0, 0x045b0000)
  from space 512K,   0% used [0x045b0000, 0x045b0000, 0x04630000)
  to   space 512K,   0% used [0x04630000, 0x04630000, 0x046b0000)
 tenured generation   total 10944K, used 0K [0x096b0000, 0x0a160000, 0x14160000)
   the space 10944K,   0% used [0x096b0000, 0x096b0000, 0x096b0200, 0x0a160000)
 compacting perm gen  total 12288K, used 3180K [0x14160000, 0x14d60000, 0x18160000)
   the space 12288K,  25% used [0x14160000, 0x1447b2d8, 0x1447b400, 0x14d60000)
No shared spaces configured.

Dynamic libraries:
0x00400000 - 0x00424000 	C:\Program Files (x86)\Java\jdk1.6.0_22\bin\javaw.exe
0x77000000 - 0x77180000 	C:\Windows\SysWOW64\ntdll.dll
0x76880000 - 0x76990000 	C:\Windows\syswow64\kernel32.dll
0x76120000 - 0x76167000 	C:\Windows\syswow64\KERNELBASE.dll
0x75c70000 - 0x75d10000 	C:\Windows\syswow64\ADVAPI32.dll
0x762d0000 - 0x7637c000 	C:\Windows\syswow64\msvcrt.dll
0x769f0000 - 0x76a09000 	C:\Windows\SysWOW64\sechost.dll
0x761e0000 - 0x762d0000 	C:\Windows\syswow64\RPCRT4.dll
0x746d0000 - 0x74730000 	C:\Windows\syswow64\SspiCli.dll
0x746c0000 - 0x746cc000 	C:\Windows\syswow64\CRYPTBASE.dll
0x749c0000 - 0x74ac0000 	C:\Windows\syswow64\USER32.dll
0x74ac0000 - 0x74b50000 	C:\Windows\syswow64\GDI32.dll
0x76fd0000 - 0x76fda000 	C:\Windows\syswow64\LPK.dll
0x76640000 - 0x766dd000 	C:\Windows\syswow64\USP10.dll
0x759a0000 - 0x75a00000 	C:\Windows\system32\IMM32.DLL
0x75d20000 - 0x75dec000 	C:\Windows\syswow64\MSCTF.dll
0x7c340000 - 0x7c396000 	C:\Program Files (x86)\Java\jdk1.6.0_22\jre\bin\msvcr71.dll
0x6d8a0000 - 0x6db47000 	C:\Program Files (x86)\Java\jdk1.6.0_22\jre\bin\client\jvm.dll
0x763b0000 - 0x763e2000 	C:\Windows\syswow64\WINMM.dll
0x72630000 - 0x7267c000 	C:\Windows\system32\apphelp.dll
0x6d850000 - 0x6d85c000 	C:\Program Files (x86)\Java\jdk1.6.0_22\jre\bin\verify.dll
0x6d3d0000 - 0x6d3ef000 	C:\Program Files (x86)\Java\jdk1.6.0_22\jre\bin\java.dll
0x6d330000 - 0x6d338000 	C:\Program Files (x86)\Java\jdk1.6.0_22\jre\bin\hpi.dll
0x769d0000 - 0x769d5000 	C:\Windows\syswow64\PSAPI.DLL
0x6d420000 - 0x6d449000 	C:\Program Files (x86)\Java\jdk1.6.0_22\jre\bin\jdwp.dll
0x6d740000 - 0x6d746000 	C:\Program Files (x86)\Java\jdk1.6.0_22\jre\bin\npt.dll
0x6d890000 - 0x6d89f000 	C:\Program Files (x86)\Java\jdk1.6.0_22\jre\bin\zip.dll
0x6d2b0000 - 0x6d2b7000 	C:\Program Files (x86)\Java\jdk1.6.0_22\jre\bin\dt_socket.dll
0x76990000 - 0x769c5000 	C:\Windows\syswow64\WS2_32.dll
0x76170000 - 0x76176000 	C:\Windows\syswow64\NSI.dll
0x72ce0000 - 0x72cf0000 	C:\Windows\system32\NLAapi.dll
0x72830000 - 0x72840000 	C:\Windows\system32\napinsp.dll
0x72810000 - 0x72822000 	C:\Windows\system32\pnrpnsp.dll
0x72d00000 - 0x72d3c000 	C:\Windows\System32\mswsock.dll
0x727c0000 - 0x72804000 	C:\Windows\system32\DNSAPI.dll
0x727b0000 - 0x727b8000 	C:\Windows\System32\winrnr.dll
0x731f0000 - 0x7320c000 	C:\Windows\system32\IPHLPAPI.DLL
0x731e0000 - 0x731e7000 	C:\Windows\system32\WINNSI.DLL
0x72540000 - 0x72578000 	C:\Windows\System32\fwpuclnt.dll
0x72480000 - 0x72486000 	C:\Windows\system32\rasadhlp.dll
0x727a0000 - 0x727a5000 	C:\Windows\System32\wshtcpip.dll
0x6d6b0000 - 0x6d6c3000 	C:\Program Files (x86)\Java\jdk1.6.0_22\jre\bin\net.dll
0x71f10000 - 0x71f16000 	C:\Windows\System32\wship6.dll
0x6d6d0000 - 0x6d6d9000 	C:\Program Files (x86)\Java\jdk1.6.0_22\jre\bin\nio.dll
0x72460000 - 0x72476000 	C:\Windows\system32\CRYPTSP.dll
0x72420000 - 0x7245b000 	C:\Windows\system32\rsaenh.dll
0x73250000 - 0x73267000 	C:\Windows\system32\USERENV.dll
0x73240000 - 0x7324b000 	C:\Windows\system32\profapi.dll

VM Arguments:
jvm_args: -agentlib:jdwp=transport=dt_socket,suspend=y,address=localhost:6396 -Dfile.encoding=UTF-8 
java_command: org.monkeyperson.classloader.MyClassLoader
Launcher Type: SUN_STANDARD

Environment Variables:
JAVA_HOME=C:\Program Files (x86)\Java\jdk1.6.0_22
CLASSPATH=.;D:\Program Files (x86)\Java\jre6\lib\ext\QTJava.zip
PATH=C:\Program Files (x86)\Java\jdk1.6.0_22\jre\bin;C:/Program Files (x86)/Java/jdk1.6.0_22/bin/../jre/bin/client;C:/Program Files (x86)/Java/jdk1.6.0_22/bin/../jre/bin;C:/Program Files (x86)/Java/jdk1.6.0_22/bin/../jre/lib/i386;D:\Program Files\360\360Desktop;D:\Perl5.14\site\bin;D:\Perl5.14\bin;D:\Perl\site\bin;D:\Perl\bin;C:\Windows\system32;C:\Windows;C:\Windows\System32\Wbem;C:\Windows\System32\WindowsPowerShell\v1.0\;D:\Program Files\TortoiseSVN\bin;D:\document\public\software\apache-maven-3.0.4\bin;C:\Program Files (x86)\Java\jdk1.6.0_22\bin;D:\Program Files (x86)\QuickTime\QTSystem\;D:\Program Files (x86)\Zend\ZendServer\share\ZendFramework\bin;D:\Program Files (x86)\Zend\ZendServer\bin;d:\Program Files (x86)\SSH Communications Security\SSH Secure Shell;D:\document\public\software\eclipse-java-indigo-SR2-win32\eclipse;
USERNAME=Admin
OS=Windows_NT
PROCESSOR_IDENTIFIER=Intel64 Family 6 Model 42 Stepping 7, GenuineIntel



---------------  S Y S T E M  ---------------

OS: Windows 7 Build 7601 Service Pack 1

CPU:total 4 (8 cores per cpu, 2 threads per core) family 6 model 42 stepping 7, cmov, cx8, fxsr, mmx, sse, sse2, sse3, ssse3, sse4.1, sse4.2, popcnt, ht

Memory: 4k page, physical 6139760k(3483832k free), swap 12265520k(9251584k free)

vm_info: Java HotSpot(TM) Client VM (17.1-b03) for windows-x86 JRE (1.6.0_22-b04), built on Sep 15 2010 00:56:36 by "java_re" with MS VC++ 7.1 (VS2003)

time: Mon Apr 22 10:47:44 2013
elapsed time: 87 seconds

